<?xml version="1.0" encoding="UTF-8"?>
<!-- Generated by org.testng.reporters.JUnitReportReporter -->
<testsuite hostname="sayed-MS-7309" name="functionalitycheckpro.Expchk" tests="1" failures="0" timestamp="25 Jun 2015 11:49:08 GMT" time="97.354" errors="0">
  <testcase name="SecureCommunicationCheck" time="97.354" classname="functionalitycheckpro.Expchk"/>
</testsuite> <!-- functionalitycheckpro.Expchk -->
