<?xml version="1.0" encoding="UTF-8"?>
<!-- Generated by org.testng.reporters.JUnitReportReporter -->
<testsuite hostname="sayed-MS-7309" name="functionalitycheckpro.FunctionalityCheck" tests="2" failures="0" timestamp="30 Jun 2015 07:35:10 GMT" time="70.217" errors="0">
  <testcase name="logincheck" time="23.070" classname="functionalitycheckpro.FunctionalityCheck"/>
  <testcase name="AddGuarantorCheck" time="47.147" classname="functionalitycheckpro.FunctionalityCheck"/>
</testsuite> <!-- functionalitycheckpro.FunctionalityCheck -->
