<?xml version="1.0" encoding="UTF-8"?>
<!-- Generated by org.testng.reporters.JUnitReportReporter -->
<testsuite hostname="sayed-MS-7309" name="functionalitycheckpro.Expchk" tests="1" failures="0" timestamp="26 Jun 2015 13:25:51 GMT" time="83.909" errors="0">
  <testcase name="AddGuarantorCheck" time="83.909" classname="functionalitycheckpro.Expchk"/>
</testsuite> <!-- functionalitycheckpro.Expchk -->
