<?xml version="1.0" encoding="UTF-8"?>
<!-- Generated by org.testng.reporters.JUnitReportReporter -->
<testsuite hostname="sayed-MS-7309" name="functionalitycheckpro.Expchk" tests="1" failures="0" timestamp="25 Jun 2015 12:37:45 GMT" time="73.403" errors="0">
  <testcase name="PaymentCheck" time="73.403" classname="functionalitycheckpro.Expchk"/>
</testsuite> <!-- functionalitycheckpro.Expchk -->
