<?xml version="1.0" encoding="UTF-8"?>
<!-- Generated by org.testng.reporters.JUnitReportReporter -->
<testsuite hostname="sayed-MS-7309" name="functionalitycheckpro.FunctionalityCheck" tests="2" failures="0" timestamp="25 Jun 2015 06:55:02 GMT" time="77.158" errors="0">
  <testcase name="logincheck" time="30.743" classname="functionalitycheckpro.FunctionalityCheck"/>
  <testcase name="SecureCommunicationCheck" time="46.415" classname="functionalitycheckpro.FunctionalityCheck"/>
</testsuite> <!-- functionalitycheckpro.FunctionalityCheck -->
