<?xml version="1.0" encoding="UTF-8"?>
<!-- Generated by org.testng.reporters.JUnitReportReporter -->
<testsuite hostname="sayed-MS-7309" name="functionalitycheckpro.FunctionalityCheck" tests="2" failures="0" timestamp="26 Jun 2015 13:43:13 GMT" time="65.958" errors="0">
  <testcase name="AddGuarantorCheck" time="43.885" classname="functionalitycheckpro.FunctionalityCheck"/>
  <testcase name="logincheck" time="22.073" classname="functionalitycheckpro.FunctionalityCheck"/>
</testsuite> <!-- functionalitycheckpro.FunctionalityCheck -->
