<?xml version="1.0" encoding="UTF-8"?>
<!-- Generated by org.testng.reporters.JUnitReportReporter -->
<testsuite hostname="sayed-MS-7309" name="functionalitycheckpro.Expchk" tests="1" failures="0" timestamp="29 Jun 2015 09:19:42 GMT" time="62.346" errors="0">
  <testcase name="AddGuarantorCheck" time="62.346" classname="functionalitycheckpro.Expchk"/>
</testsuite> <!-- functionalitycheckpro.Expchk -->
