<?xml version="1.0" encoding="UTF-8"?>
<!-- Generated by org.testng.reporters.JUnitReportReporter -->
<testsuite hostname="sayed-MS-7309" name="functionalitycheckpro.Expchk" tests="1" failures="0" timestamp="24 Jun 2015 10:06:54 GMT" time="59.623" errors="0">
  <testcase name="expcheck" time="59.623" classname="functionalitycheckpro.Expchk"/>
</testsuite> <!-- functionalitycheckpro.Expchk -->
