<?xml version="1.0" encoding="UTF-8"?>
<!-- Generated by org.testng.reporters.JUnitReportReporter -->
<testsuite hostname="sayed-MS-7309" name="functionalitycheckpro.FunctionalityCheck" tests="2" failures="0" timestamp="24 Jun 2015 09:36:07 GMT" time="63.373" errors="0">
  <testcase name="FollowUpCreationCheck" time="35.147" classname="functionalitycheckpro.FunctionalityCheck"/>
  <testcase name="logincheck" time="28.226" classname="functionalitycheckpro.FunctionalityCheck"/>
</testsuite> <!-- functionalitycheckpro.FunctionalityCheck -->
