<?xml version="1.0" encoding="UTF-8"?>
<!-- Generated by org.testng.reporters.JUnitReportReporter -->
<testsuite hostname="sayed-MS-7309" name="functionalitycheckpro.FunctionalityCheck" tests="2" failures="0" timestamp="26 Jun 2015 06:59:25 GMT" time="30.875" errors="0">
  <testcase name="logincheck" time="21.883" classname="functionalitycheckpro.FunctionalityCheck"/>
  <testcase name="PatientAddCheck" time="8.992" classname="functionalitycheckpro.FunctionalityCheck"/>
</testsuite> <!-- functionalitycheckpro.FunctionalityCheck -->
